java.nio.file.FileSystemException: /home/nicolas/.cache/scalacli/virtual-projects: Read-only file system
  java.base@17.0.6/sun.nio.fs.UnixFileSystemProvider.createDirectory(UnixFileSystemProvider.java:397)
  java.base@17.0.6/java.nio.file.Files.createDirectory(Files.java:700)
  java.base@17.0.6/java.nio.file.Files.createAndCheckIsDirectory(Files.java:807)
  java.base@17.0.6/java.nio.file.Files.createDirectories(Files.java:793)
  os.makeDir$all$.apply(FileOps.scala:46)
  os.makeDir$all$.apply(FileOps.scala:39)
  scala.build.input.ElementsUtils$.homeWorkspace(ElementsUtils.scala:78)
  scala.build.input.Inputs.inHomeDir(Inputs.scala:75)
  scala.build.input.Inputs.checkAttributes(Inputs.scala:95)
  scala.cli.commands.shared.SharedOptions$.inputs$$anonfun$1(SharedOptions.scala:738)
  scala.util.Either.map(Either.scala:390)
  scala.cli.commands.shared.SharedOptions$.inputs(SharedOptions.scala:731)
  scala.cli.commands.shared.SharedOptions.inputs(SharedOptions.scala:644)
  scala.cli.commands.run.Run$.runCommand(Run.scala:151)
  scala.cli.commands.run.Run$.runCommand(Run.scala:72)
  scala.cli.commands.run.Run$.runCommand(Run.scala:65)
  scala.cli.commands.ScalaCommand.run(ScalaCommand.scala:401)
  scala.cli.commands.ScalaCommand.run(ScalaCommand.scala:382)
  caseapp.core.app.CaseApp.main(CaseApp.scala:166)
  scala.cli.commands.ScalaCommand.main(ScalaCommand.scala:367)
  caseapp.core.app.CommandsEntryPoint.main(CommandsEntryPoint.scala:370)
  scala.cli.ScalaCliCommands.main(ScalaCliCommands.scala:125)
  scala.cli.ScalaCli$.main0(ScalaCli.scala:320)
  scala.cli.ScalaCli$.main(ScalaCli.scala:124)
  scala.cli.ScalaCli.main(ScalaCli.scala)
